<?xml version="1.0" encoding="UTF-8"?>
<!-- Generated by org.testng.reporters.JUnitReportReporter -->
<testsuite hostname="DESKTOP-RB5LVC5" failures="0" tests="1" name="com.ethans.automation.testng.TestNG" time="14.326" errors="0" timestamp="21 Jul 2019 06:18:39 GMT" skipped="0">
  <testcase classname="com.ethans.automation.testng.TestNG" name="firstTest" time="14.326"/>
</testsuite> <!-- com.ethans.automation.testng.TestNG -->
