<?xml version="1.0" encoding="UTF-8"?>
<!-- Generated by org.testng.reporters.JUnitReportReporter -->
<testsuite hostname="DESKTOP-RB5LVC5" failures="0" tests="4" name="com.ethans.automation.testng.MultipleTest" time="0.025" errors="0" timestamp="21 Jul 2019 06:14:02 GMT" skipped="1">
  <testcase classname="com.ethans.automation.testng.MultipleTest" name="Two" time="0.002"/>
  <testcase classname="com.ethans.automation.testng.MultipleTest" name="Four" time="0.022"/>
  <testcase classname="com.ethans.automation.testng.MultipleTest" name="One" time="0.001"/>
  <testcase classname="com.ethans.automation.testng.MultipleTest" name="Three">
    <skipped/>
  </testcase> <!-- Three -->
</testsuite> <!-- com.ethans.automation.testng.MultipleTest -->
