<?xml version="1.0" encoding="UTF-8"?>
<!-- Generated by org.testng.reporters.JUnitReportReporter -->
<testsuite hostname="DESKTOP-RB5LVC5" failures="0" tests="2" name="com.ethans.automation.testng.TestNgDependent" time="0.019" errors="0" timestamp="21 Jul 2019 06:45:04 GMT" skipped="0">
  <testcase classname="com.ethans.automation.testng.TestNgDependent" name="OpenBrowser" time="0.017"/>
  <testcase classname="com.ethans.automation.testng.TestNgDependent" name="SignIn" time="0.002"/>
</testsuite> <!-- com.ethans.automation.testng.TestNgDependent -->
