<?xml version="1.0" encoding="UTF-8"?>
<!-- Generated by org.testng.reporters.JUnitReportReporter -->
<testsuite hostname="DESKTOP-RB5LVC5" failures="0" tests="3" name="com.ethans.automation.testng.TestNgPriority" time="0.017" errors="0" timestamp="02 Jun 2019 03:25:30 GMT" skipped="0">
  <testcase classname="com.ethans.automation.testng.TestNgPriority" name="OpenBrowser" time="0.010"/>
  <testcase classname="com.ethans.automation.testng.TestNgPriority" name="SignIn" time="0.003"/>
  <testcase classname="com.ethans.automation.testng.TestNgPriority" name="LogOut" time="0.004"/>
</testsuite> <!-- com.ethans.automation.testng.TestNgPriority -->
