<?xml version="1.0" encoding="UTF-8"?>
<!-- Generated by org.testng.reporters.JUnitReportReporter -->
<testsuite skipped="0" hostname="P5-H80MX52" name="com.ethans.automation.testng.FirstTestNgClass" tests="1" failures="0" timestamp="25 Oct 2019 07:01:48 GMT" time="0.022" errors="0">
  <testcase name="test" time="0.022" classname="com.ethans.automation.testng.FirstTestNgClass"/>
</testsuite> <!-- com.ethans.automation.testng.FirstTestNgClass -->
