<?xml version="1.0" encoding="UTF-8"?>
<!-- Generated by org.testng.reporters.JUnitReportReporter -->
<testsuite hostname="DESKTOP-RB5LVC5" failures="0" tests="3" name="com.ethans.automation.testng.TestNgGrouping" time="0.010" errors="0" timestamp="21 Jul 2019 06:53:36 GMT" skipped="0">
  <testcase classname="com.ethans.automation.testng.TestNgGrouping" name="Organization2" time="0.007"/>
  <testcase classname="com.ethans.automation.testng.TestNgGrouping" name="Tester" time="0.003"/>
  <testcase classname="com.ethans.automation.testng.TestNgGrouping" name="Organization1" time="0.000"/>
</testsuite> <!-- com.ethans.automation.testng.TestNgGrouping -->
