<?xml version="1.0" encoding="UTF-8"?>
<!-- Generated by org.testng.reporters.JUnitReportReporter -->
<testsuite hostname="DESKTOP-RB5LVC5" failures="0" tests="2" name="com.ethans.automation.testng.TestNgSequence" time="0.011" errors="0" timestamp="02 Jun 2019 03:22:25 GMT" skipped="0">
  <testcase classname="com.ethans.automation.testng.TestNgSequence" name="testCase1" time="0.006"/>
  <testcase classname="com.ethans.automation.testng.TestNgSequence" name="testCase2" time="0.005"/>
</testsuite> <!-- com.ethans.automation.testng.TestNgSequence -->
