<?xml version="1.0" encoding="UTF-8"?>
<!-- Generated by org.testng.reporters.JUnitReportReporter -->
<testsuite skipped="0" hostname="P5-H80MX52" name="testngTutorials.FirstTestNGScript" tests="1" failures="0" timestamp="2019-10-25T11:22:41 IST" time="0.073" errors="0">
  <testcase name="loginApplication" time="0.073" classname="testngTutorials.FirstTestNGScript"/>
</testsuite> <!-- testngTutorials.FirstTestNGScript -->
