<?xml version="1.0" encoding="UTF-8"?>
<!-- Generated by org.testng.reporters.JUnitReportReporter -->
<testsuite skipped="0" hostname="P5-H80MX52" name="com.test.TestNGBasicsTest" tests="1" failures="0" timestamp="2019-11-14T18:48:18 IST" time="0.000" errors="0">
  <testcase name="testbelow" time="0.000" classname="com.test.TestNGBasicsTest"/>
</testsuite> <!-- com.test.TestNGBasicsTest -->
